{"/Users/yanxiaonan/workspace/nodejs/pet-clinic/mochaTest/test.js":{"path":"/Users/yanxiaonan/workspace/nodejs/pet-clinic/mochaTest/test.js","s":{"1":1,"2":1,"3":1,"4":1,"5":1,"6":1,"7":1,"8":1,"9":1,"10":0,"11":1,"12":1,"13":1,"14":1,"15":1,"16":1,"17":1,"18":0,"19":1,"20":1,"21":1,"22":1,"23":1,"24":1,"25":1,"26":0,"27":1,"28":1,"29":1,"30":1,"31":1,"32":1,"33":0,"34":1,"35":1,"36":1,"37":1,"38":1,"39":1,"40":1,"41":1,"42":1,"43":0,"44":1,"45":1,"46":1,"47":1,"48":1,"49":1,"50":1,"51":1,"52":0,"53":1,"54":1,"55":1,"56":1,"57":1,"58":1,"59":1,"60":0,"61":1,"62":1,"63":1,"64":1,"65":1,"66":1,"67":1,"68":1,"69":1,"70":0,"71":1,"72":1,"73":1,"74":1,"75":1,"76":1,"77":1,"78":1,"79":0,"80":1,"81":1,"82":1,"83":1,"84":1,"85":1,"86":1,"87":0,"88":1,"89":1,"90":1,"91":1,"92":1,"93":1,"94":1,"95":0,"96":1,"97":1,"98":1,"99":1,"100":1,"101":1,"102":0,"103":1,"104":1,"105":1,"106":1,"107":1,"108":1,"109":1,"110":1,"111":0,"112":1,"113":1,"114":1,"115":1,"116":1,"117":1,"118":1,"119":1,"120":0,"121":1,"122":1,"123":1,"124":1,"125":1,"126":1,"127":1,"128":0,"129":1,"130":1,"131":1,"132":1,"133":1,"134":1,"135":1,"136":1,"137":0,"138":1,"139":1,"140":1,"141":1,"142":1,"143":1,"144":1,"145":1,"146":1,"147":0,"148":1,"149":1,"150":1,"151":1,"152":1,"153":1,"154":1,"155":1,"156":0,"157":1,"158":0,"159":1,"160":1,"161":1,"162":1,"163":0,"164":1,"165":1,"166":1,"167":1,"168":1,"169":1,"170":1,"171":1,"172":0,"173":1,"174":1,"175":1,"176":1,"177":1,"178":1,"179":1,"180":1,"181":0,"182":1,"183":1,"184":1,"185":1,"186":1,"187":1,"188":1,"189":0,"190":1,"191":1,"192":1,"193":1,"194":1,"195":1,"196":1,"197":0,"198":1,"199":1},"b":{"1":[0,1],"2":[0,1],"3":[0,1],"4":[0,1],"5":[0,1],"6":[0,1],"7":[0,1],"8":[0,1],"9":[0,1],"10":[0,1],"11":[0,1],"12":[0,1],"13":[0,1],"14":[0,1],"15":[0,1],"16":[0,1],"17":[0,1],"18":[0,1],"19":[0,1],"20":[0,1],"21":[0,1],"22":[0,1],"23":[0,1]},"f":{"1":1,"2":1,"3":1,"4":1,"5":1,"6":1,"7":1,"8":1,"9":1,"10":1,"11":1,"12":1,"13":1,"14":1,"15":1,"16":1,"17":1,"18":1,"19":1,"20":1,"21":1,"22":1,"23":1,"24":1,"25":1,"26":1,"27":1,"28":1,"29":1,"30":1,"31":1,"32":1,"33":1,"34":1,"35":1,"36":1,"37":1,"38":1,"39":1,"40":1,"41":1,"42":1,"43":1,"44":1,"45":1,"46":1,"47":1,"48":1,"49":1,"50":1,"51":1,"52":1},"fnMap":{"1":{"name":"(anonymous_1)","line":7,"loc":{"start":{"line":7,"column":19},"end":{"line":7,"column":31}}},"2":{"name":"(anonymous_2)","line":9,"loc":{"start":{"line":9,"column":74},"end":{"line":9,"column":90}}},"3":{"name":"(anonymous_3)","line":14,"loc":{"start":{"line":14,"column":17},"end":{"line":14,"column":37}}},"4":{"name":"(anonymous_4)","line":23,"loc":{"start":{"line":23,"column":17},"end":{"line":23,"column":29}}},"5":{"name":"(anonymous_5)","line":25,"loc":{"start":{"line":25,"column":45},"end":{"line":25,"column":61}}},"6":{"name":"(anonymous_6)","line":31,"loc":{"start":{"line":31,"column":17},"end":{"line":31,"column":37}}},"7":{"name":"(anonymous_7)","line":39,"loc":{"start":{"line":39,"column":64},"end":{"line":39,"column":80}}},"8":{"name":"(anonymous_8)","line":45,"loc":{"start":{"line":45,"column":17},"end":{"line":45,"column":37}}},"9":{"name":"(anonymous_9)","line":52,"loc":{"start":{"line":52,"column":64},"end":{"line":52,"column":80}}},"10":{"name":"(anonymous_10)","line":58,"loc":{"start":{"line":58,"column":17},"end":{"line":58,"column":37}}},"11":{"name":"(anonymous_11)","line":70,"loc":{"start":{"line":70,"column":17},"end":{"line":70,"column":29}}},"12":{"name":"(anonymous_12)","line":72,"loc":{"start":{"line":72,"column":45},"end":{"line":72,"column":61}}},"13":{"name":"(anonymous_13)","line":78,"loc":{"start":{"line":78,"column":17},"end":{"line":78,"column":37}}},"14":{"name":"(anonymous_14)","line":86,"loc":{"start":{"line":86,"column":58},"end":{"line":86,"column":74}}},"15":{"name":"(anonymous_15)","line":92,"loc":{"start":{"line":92,"column":17},"end":{"line":92,"column":37}}},"16":{"name":"(anonymous_16)","line":101,"loc":{"start":{"line":101,"column":19},"end":{"line":101,"column":31}}},"17":{"name":"(anonymous_17)","line":102,"loc":{"start":{"line":102,"column":34},"end":{"line":102,"column":50}}},"18":{"name":"(anonymous_18)","line":108,"loc":{"start":{"line":108,"column":17},"end":{"line":108,"column":37}}},"19":{"name":"(anonymous_19)","line":117,"loc":{"start":{"line":117,"column":50},"end":{"line":117,"column":66}}},"20":{"name":"(anonymous_20)","line":123,"loc":{"start":{"line":123,"column":17},"end":{"line":123,"column":37}}},"21":{"name":"(anonymous_21)","line":131,"loc":{"start":{"line":131,"column":62},"end":{"line":131,"column":78}}},"22":{"name":"(anonymous_22)","line":144,"loc":{"start":{"line":144,"column":17},"end":{"line":144,"column":37}}},"23":{"name":"(anonymous_23)","line":151,"loc":{"start":{"line":151,"column":65},"end":{"line":151,"column":81}}},"24":{"name":"(anonymous_24)","line":165,"loc":{"start":{"line":165,"column":17},"end":{"line":165,"column":37}}},"25":{"name":"(anonymous_25)","line":172,"loc":{"start":{"line":172,"column":62},"end":{"line":172,"column":78}}},"26":{"name":"(anonymous_26)","line":183,"loc":{"start":{"line":183,"column":17},"end":{"line":183,"column":37}}},"27":{"name":"(anonymous_27)","line":193,"loc":{"start":{"line":193,"column":19},"end":{"line":193,"column":31}}},"28":{"name":"(anonymous_28)","line":194,"loc":{"start":{"line":194,"column":34},"end":{"line":194,"column":50}}},"29":{"name":"(anonymous_29)","line":200,"loc":{"start":{"line":200,"column":17},"end":{"line":200,"column":37}}},"30":{"name":"(anonymous_30)","line":208,"loc":{"start":{"line":208,"column":52},"end":{"line":208,"column":68}}},"31":{"name":"(anonymous_31)","line":214,"loc":{"start":{"line":214,"column":17},"end":{"line":214,"column":37}}},"32":{"name":"(anonymous_32)","line":222,"loc":{"start":{"line":222,"column":60},"end":{"line":222,"column":76}}},"33":{"name":"(anonymous_33)","line":234,"loc":{"start":{"line":234,"column":17},"end":{"line":234,"column":37}}},"34":{"name":"(anonymous_34)","line":241,"loc":{"start":{"line":241,"column":64},"end":{"line":241,"column":80}}},"35":{"name":"(anonymous_35)","line":253,"loc":{"start":{"line":253,"column":17},"end":{"line":253,"column":37}}},"36":{"name":"(anonymous_36)","line":260,"loc":{"start":{"line":260,"column":55},"end":{"line":260,"column":71}}},"37":{"name":"(anonymous_37)","line":266,"loc":{"start":{"line":266,"column":17},"end":{"line":266,"column":37}}},"38":{"name":"(anonymous_38)","line":275,"loc":{"start":{"line":275,"column":53},"end":{"line":275,"column":69}}},"39":{"name":"(anonymous_39)","line":281,"loc":{"start":{"line":281,"column":17},"end":{"line":281,"column":37}}},"40":{"name":"(anonymous_40)","line":290,"loc":{"start":{"line":290,"column":60},"end":{"line":290,"column":76}}},"41":{"name":"(anonymous_41)","line":301,"loc":{"start":{"line":301,"column":17},"end":{"line":301,"column":37}}},"42":{"name":"(anonymous_42)","line":312,"loc":{"start":{"line":312,"column":19},"end":{"line":312,"column":31}}},"43":{"name":"(anonymous_43)","line":313,"loc":{"start":{"line":313,"column":34},"end":{"line":313,"column":50}}},"44":{"name":"(anonymous_44)","line":319,"loc":{"start":{"line":319,"column":17},"end":{"line":319,"column":37}}},"45":{"name":"(anonymous_45)","line":327,"loc":{"start":{"line":327,"column":52},"end":{"line":327,"column":68}}},"46":{"name":"(anonymous_46)","line":333,"loc":{"start":{"line":333,"column":17},"end":{"line":333,"column":37}}},"47":{"name":"(anonymous_47)","line":341,"loc":{"start":{"line":341,"column":59},"end":{"line":341,"column":75}}},"48":{"name":"(anonymous_48)","line":354,"loc":{"start":{"line":354,"column":17},"end":{"line":354,"column":37}}},"49":{"name":"(anonymous_49)","line":361,"loc":{"start":{"line":361,"column":62},"end":{"line":361,"column":78}}},"50":{"name":"(anonymous_50)","line":374,"loc":{"start":{"line":374,"column":17},"end":{"line":374,"column":37}}},"51":{"name":"(anonymous_51)","line":381,"loc":{"start":{"line":381,"column":59},"end":{"line":381,"column":75}}},"52":{"name":"(anonymous_52)","line":392,"loc":{"start":{"line":392,"column":17},"end":{"line":392,"column":37}}}},"statementMap":{"1":{"start":{"line":1,"column":0},"end":{"line":1,"column":31}},"2":{"start":{"line":2,"column":0},"end":{"line":2,"column":35}},"3":{"start":{"line":3,"column":0},"end":{"line":3,"column":28}},"4":{"start":{"line":4,"column":0},"end":{"line":4,"column":31}},"5":{"start":{"line":6,"column":0},"end":{"line":6,"column":19}},"6":{"start":{"line":7,"column":0},"end":{"line":21,"column":3}},"7":{"start":{"line":9,"column":4},"end":{"line":20,"column":7}},"8":{"start":{"line":10,"column":8},"end":{"line":19,"column":15}},"9":{"start":{"line":15,"column":16},"end":{"line":15,"column":42}},"10":{"start":{"line":15,"column":25},"end":{"line":15,"column":42}},"11":{"start":{"line":16,"column":16},"end":{"line":16,"column":61}},"12":{"start":{"line":17,"column":16},"end":{"line":17,"column":90}},"13":{"start":{"line":18,"column":16},"end":{"line":18,"column":23}},"14":{"start":{"line":23,"column":0},"end":{"line":68,"column":3}},"15":{"start":{"line":25,"column":4},"end":{"line":38,"column":7}},"16":{"start":{"line":26,"column":8},"end":{"line":37,"column":15}},"17":{"start":{"line":32,"column":16},"end":{"line":32,"column":42}},"18":{"start":{"line":32,"column":25},"end":{"line":32,"column":42}},"19":{"start":{"line":33,"column":16},"end":{"line":33,"column":61}},"20":{"start":{"line":34,"column":16},"end":{"line":34,"column":61}},"21":{"start":{"line":35,"column":16},"end":{"line":35,"column":72}},"22":{"start":{"line":36,"column":16},"end":{"line":36,"column":23}},"23":{"start":{"line":39,"column":4},"end":{"line":51,"column":7}},"24":{"start":{"line":40,"column":8},"end":{"line":50,"column":15}},"25":{"start":{"line":46,"column":16},"end":{"line":46,"column":42}},"26":{"start":{"line":46,"column":25},"end":{"line":46,"column":42}},"27":{"start":{"line":47,"column":16},"end":{"line":47,"column":61}},"28":{"start":{"line":48,"column":16},"end":{"line":48,"column":65}},"29":{"start":{"line":49,"column":16},"end":{"line":49,"column":23}},"30":{"start":{"line":52,"column":4},"end":{"line":64,"column":7}},"31":{"start":{"line":53,"column":8},"end":{"line":63,"column":15}},"32":{"start":{"line":59,"column":16},"end":{"line":59,"column":42}},"33":{"start":{"line":59,"column":25},"end":{"line":59,"column":42}},"34":{"start":{"line":60,"column":16},"end":{"line":60,"column":61}},"35":{"start":{"line":61,"column":16},"end":{"line":61,"column":65}},"36":{"start":{"line":62,"column":16},"end":{"line":62,"column":23}},"37":{"start":{"line":70,"column":0},"end":{"line":99,"column":3}},"38":{"start":{"line":72,"column":4},"end":{"line":84,"column":7}},"39":{"start":{"line":73,"column":8},"end":{"line":73,"column":46}},"40":{"start":{"line":74,"column":8},"end":{"line":74,"column":30}},"41":{"start":{"line":75,"column":8},"end":{"line":83,"column":15}},"42":{"start":{"line":79,"column":16},"end":{"line":79,"column":42}},"43":{"start":{"line":79,"column":25},"end":{"line":79,"column":42}},"44":{"start":{"line":80,"column":16},"end":{"line":80,"column":61}},"45":{"start":{"line":81,"column":16},"end":{"line":81,"column":61}},"46":{"start":{"line":82,"column":16},"end":{"line":82,"column":23}},"47":{"start":{"line":86,"column":4},"end":{"line":98,"column":7}},"48":{"start":{"line":87,"column":8},"end":{"line":87,"column":46}},"49":{"start":{"line":88,"column":8},"end":{"line":88,"column":30}},"50":{"start":{"line":89,"column":8},"end":{"line":97,"column":15}},"51":{"start":{"line":93,"column":16},"end":{"line":93,"column":42}},"52":{"start":{"line":93,"column":25},"end":{"line":93,"column":42}},"53":{"start":{"line":94,"column":16},"end":{"line":94,"column":61}},"54":{"start":{"line":95,"column":16},"end":{"line":95,"column":61}},"55":{"start":{"line":96,"column":16},"end":{"line":96,"column":23}},"56":{"start":{"line":101,"column":0},"end":{"line":190,"column":3}},"57":{"start":{"line":102,"column":4},"end":{"line":115,"column":7}},"58":{"start":{"line":103,"column":8},"end":{"line":114,"column":15}},"59":{"start":{"line":109,"column":16},"end":{"line":109,"column":42}},"60":{"start":{"line":109,"column":25},"end":{"line":109,"column":42}},"61":{"start":{"line":110,"column":16},"end":{"line":110,"column":61}},"62":{"start":{"line":111,"column":16},"end":{"line":111,"column":61}},"63":{"start":{"line":112,"column":16},"end":{"line":112,"column":72}},"64":{"start":{"line":113,"column":16},"end":{"line":113,"column":23}},"65":{"start":{"line":117,"column":4},"end":{"line":129,"column":7}},"66":{"start":{"line":118,"column":8},"end":{"line":118,"column":74}},"67":{"start":{"line":119,"column":8},"end":{"line":119,"column":30}},"68":{"start":{"line":120,"column":8},"end":{"line":128,"column":15}},"69":{"start":{"line":124,"column":16},"end":{"line":124,"column":42}},"70":{"start":{"line":124,"column":25},"end":{"line":124,"column":42}},"71":{"start":{"line":125,"column":16},"end":{"line":125,"column":61}},"72":{"start":{"line":126,"column":16},"end":{"line":126,"column":58}},"73":{"start":{"line":127,"column":16},"end":{"line":127,"column":23}},"74":{"start":{"line":131,"column":4},"end":{"line":149,"column":7}},"75":{"start":{"line":132,"column":8},"end":{"line":132,"column":54}},"76":{"start":{"line":133,"column":8},"end":{"line":133,"column":30}},"77":{"start":{"line":134,"column":8},"end":{"line":148,"column":15}},"78":{"start":{"line":145,"column":16},"end":{"line":145,"column":42}},"79":{"start":{"line":145,"column":25},"end":{"line":145,"column":42}},"80":{"start":{"line":146,"column":16},"end":{"line":146,"column":61}},"81":{"start":{"line":147,"column":16},"end":{"line":147,"column":23}},"82":{"start":{"line":151,"column":4},"end":{"line":170,"column":7}},"83":{"start":{"line":152,"column":8},"end":{"line":152,"column":57}},"84":{"start":{"line":153,"column":8},"end":{"line":153,"column":30}},"85":{"start":{"line":154,"column":8},"end":{"line":169,"column":15}},"86":{"start":{"line":166,"column":16},"end":{"line":166,"column":42}},"87":{"start":{"line":166,"column":25},"end":{"line":166,"column":42}},"88":{"start":{"line":167,"column":16},"end":{"line":167,"column":61}},"89":{"start":{"line":168,"column":16},"end":{"line":168,"column":23}},"90":{"start":{"line":172,"column":4},"end":{"line":188,"column":7}},"91":{"start":{"line":173,"column":8},"end":{"line":173,"column":54}},"92":{"start":{"line":174,"column":8},"end":{"line":174,"column":30}},"93":{"start":{"line":175,"column":8},"end":{"line":187,"column":15}},"94":{"start":{"line":184,"column":16},"end":{"line":184,"column":42}},"95":{"start":{"line":184,"column":25},"end":{"line":184,"column":42}},"96":{"start":{"line":185,"column":16},"end":{"line":185,"column":61}},"97":{"start":{"line":186,"column":16},"end":{"line":186,"column":23}},"98":{"start":{"line":193,"column":0},"end":{"line":310,"column":3}},"99":{"start":{"line":194,"column":4},"end":{"line":206,"column":7}},"100":{"start":{"line":195,"column":8},"end":{"line":205,"column":15}},"101":{"start":{"line":201,"column":16},"end":{"line":201,"column":42}},"102":{"start":{"line":201,"column":25},"end":{"line":201,"column":42}},"103":{"start":{"line":202,"column":16},"end":{"line":202,"column":61}},"104":{"start":{"line":203,"column":16},"end":{"line":203,"column":72}},"105":{"start":{"line":204,"column":16},"end":{"line":204,"column":23}},"106":{"start":{"line":208,"column":4},"end":{"line":220,"column":7}},"107":{"start":{"line":209,"column":8},"end":{"line":209,"column":75}},"108":{"start":{"line":210,"column":8},"end":{"line":210,"column":30}},"109":{"start":{"line":211,"column":8},"end":{"line":219,"column":15}},"110":{"start":{"line":215,"column":16},"end":{"line":215,"column":42}},"111":{"start":{"line":215,"column":25},"end":{"line":215,"column":42}},"112":{"start":{"line":216,"column":16},"end":{"line":216,"column":61}},"113":{"start":{"line":217,"column":16},"end":{"line":217,"column":58}},"114":{"start":{"line":218,"column":16},"end":{"line":218,"column":23}},"115":{"start":{"line":222,"column":4},"end":{"line":239,"column":7}},"116":{"start":{"line":223,"column":8},"end":{"line":223,"column":57}},"117":{"start":{"line":224,"column":8},"end":{"line":224,"column":30}},"118":{"start":{"line":225,"column":8},"end":{"line":238,"column":15}},"119":{"start":{"line":235,"column":16},"end":{"line":235,"column":42}},"120":{"start":{"line":235,"column":25},"end":{"line":235,"column":42}},"121":{"start":{"line":236,"column":16},"end":{"line":236,"column":61}},"122":{"start":{"line":237,"column":16},"end":{"line":237,"column":23}},"123":{"start":{"line":241,"column":5},"end":{"line":258,"column":7}},"124":{"start":{"line":242,"column":8},"end":{"line":242,"column":60}},"125":{"start":{"line":243,"column":8},"end":{"line":243,"column":30}},"126":{"start":{"line":244,"column":8},"end":{"line":257,"column":15}},"127":{"start":{"line":254,"column":16},"end":{"line":254,"column":42}},"128":{"start":{"line":254,"column":25},"end":{"line":254,"column":42}},"129":{"start":{"line":255,"column":16},"end":{"line":255,"column":61}},"130":{"start":{"line":256,"column":16},"end":{"line":256,"column":23}},"131":{"start":{"line":260,"column":4},"end":{"line":273,"column":7}},"132":{"start":{"line":261,"column":8},"end":{"line":261,"column":73}},"133":{"start":{"line":262,"column":8},"end":{"line":262,"column":30}},"134":{"start":{"line":263,"column":8},"end":{"line":272,"column":15}},"135":{"start":{"line":267,"column":16},"end":{"line":267,"column":54}},"136":{"start":{"line":268,"column":16},"end":{"line":268,"column":42}},"137":{"start":{"line":268,"column":25},"end":{"line":268,"column":42}},"138":{"start":{"line":269,"column":16},"end":{"line":269,"column":61}},"139":{"start":{"line":270,"column":16},"end":{"line":270,"column":58}},"140":{"start":{"line":271,"column":16},"end":{"line":271,"column":23}},"141":{"start":{"line":275,"column":4},"end":{"line":288,"column":7}},"142":{"start":{"line":276,"column":8},"end":{"line":276,"column":63}},"143":{"start":{"line":277,"column":8},"end":{"line":277,"column":30}},"144":{"start":{"line":278,"column":8},"end":{"line":287,"column":15}},"145":{"start":{"line":282,"column":16},"end":{"line":282,"column":54}},"146":{"start":{"line":283,"column":16},"end":{"line":283,"column":42}},"147":{"start":{"line":283,"column":25},"end":{"line":283,"column":42}},"148":{"start":{"line":284,"column":16},"end":{"line":284,"column":61}},"149":{"start":{"line":285,"column":16},"end":{"line":285,"column":58}},"150":{"start":{"line":286,"column":16},"end":{"line":286,"column":23}},"151":{"start":{"line":290,"column":4},"end":{"line":306,"column":7}},"152":{"start":{"line":291,"column":8},"end":{"line":291,"column":57}},"153":{"start":{"line":292,"column":8},"end":{"line":292,"column":30}},"154":{"start":{"line":293,"column":8},"end":{"line":305,"column":15}},"155":{"start":{"line":302,"column":16},"end":{"line":302,"column":42}},"156":{"start":{"line":302,"column":25},"end":{"line":302,"column":42}},"157":{"start":{"line":303,"column":16},"end":{"line":303,"column":61}},"158":{"start":{"line":304,"column":16},"end":{"line":304,"column":23}},"159":{"start":{"line":312,"column":0},"end":{"line":399,"column":3}},"160":{"start":{"line":313,"column":4},"end":{"line":325,"column":7}},"161":{"start":{"line":314,"column":8},"end":{"line":324,"column":15}},"162":{"start":{"line":320,"column":16},"end":{"line":320,"column":42}},"163":{"start":{"line":320,"column":25},"end":{"line":320,"column":42}},"164":{"start":{"line":321,"column":16},"end":{"line":321,"column":61}},"165":{"start":{"line":322,"column":16},"end":{"line":322,"column":72}},"166":{"start":{"line":323,"column":16},"end":{"line":323,"column":23}},"167":{"start":{"line":327,"column":4},"end":{"line":339,"column":7}},"168":{"start":{"line":328,"column":8},"end":{"line":328,"column":75}},"169":{"start":{"line":329,"column":8},"end":{"line":329,"column":30}},"170":{"start":{"line":330,"column":8},"end":{"line":338,"column":15}},"171":{"start":{"line":334,"column":16},"end":{"line":334,"column":42}},"172":{"start":{"line":334,"column":25},"end":{"line":334,"column":42}},"173":{"start":{"line":335,"column":16},"end":{"line":335,"column":61}},"174":{"start":{"line":336,"column":16},"end":{"line":336,"column":58}},"175":{"start":{"line":337,"column":16},"end":{"line":337,"column":23}},"176":{"start":{"line":341,"column":4},"end":{"line":359,"column":7}},"177":{"start":{"line":342,"column":8},"end":{"line":342,"column":57}},"178":{"start":{"line":343,"column":8},"end":{"line":343,"column":30}},"179":{"start":{"line":344,"column":8},"end":{"line":358,"column":15}},"180":{"start":{"line":355,"column":16},"end":{"line":355,"column":42}},"181":{"start":{"line":355,"column":25},"end":{"line":355,"column":42}},"182":{"start":{"line":356,"column":16},"end":{"line":356,"column":61}},"183":{"start":{"line":357,"column":16},"end":{"line":357,"column":23}},"184":{"start":{"line":361,"column":4},"end":{"line":379,"column":7}},"185":{"start":{"line":362,"column":8},"end":{"line":362,"column":60}},"186":{"start":{"line":363,"column":8},"end":{"line":363,"column":30}},"187":{"start":{"line":364,"column":8},"end":{"line":378,"column":15}},"188":{"start":{"line":375,"column":16},"end":{"line":375,"column":42}},"189":{"start":{"line":375,"column":25},"end":{"line":375,"column":42}},"190":{"start":{"line":376,"column":16},"end":{"line":376,"column":61}},"191":{"start":{"line":377,"column":16},"end":{"line":377,"column":23}},"192":{"start":{"line":381,"column":4},"end":{"line":397,"column":7}},"193":{"start":{"line":382,"column":8},"end":{"line":382,"column":57}},"194":{"start":{"line":383,"column":8},"end":{"line":383,"column":30}},"195":{"start":{"line":384,"column":8},"end":{"line":396,"column":15}},"196":{"start":{"line":393,"column":16},"end":{"line":393,"column":42}},"197":{"start":{"line":393,"column":25},"end":{"line":393,"column":42}},"198":{"start":{"line":394,"column":16},"end":{"line":394,"column":61}},"199":{"start":{"line":395,"column":16},"end":{"line":395,"column":23}}},"branchMap":{"1":{"line":15,"type":"if","locations":[{"start":{"line":15,"column":16},"end":{"line":15,"column":16}},{"start":{"line":15,"column":16},"end":{"line":15,"column":16}}]},"2":{"line":32,"type":"if","locations":[{"start":{"line":32,"column":16},"end":{"line":32,"column":16}},{"start":{"line":32,"column":16},"end":{"line":32,"column":16}}]},"3":{"line":46,"type":"if","locations":[{"start":{"line":46,"column":16},"end":{"line":46,"column":16}},{"start":{"line":46,"column":16},"end":{"line":46,"column":16}}]},"4":{"line":59,"type":"if","locations":[{"start":{"line":59,"column":16},"end":{"line":59,"column":16}},{"start":{"line":59,"column":16},"end":{"line":59,"column":16}}]},"5":{"line":79,"type":"if","locations":[{"start":{"line":79,"column":16},"end":{"line":79,"column":16}},{"start":{"line":79,"column":16},"end":{"line":79,"column":16}}]},"6":{"line":93,"type":"if","locations":[{"start":{"line":93,"column":16},"end":{"line":93,"column":16}},{"start":{"line":93,"column":16},"end":{"line":93,"column":16}}]},"7":{"line":109,"type":"if","locations":[{"start":{"line":109,"column":16},"end":{"line":109,"column":16}},{"start":{"line":109,"column":16},"end":{"line":109,"column":16}}]},"8":{"line":124,"type":"if","locations":[{"start":{"line":124,"column":16},"end":{"line":124,"column":16}},{"start":{"line":124,"column":16},"end":{"line":124,"column":16}}]},"9":{"line":145,"type":"if","locations":[{"start":{"line":145,"column":16},"end":{"line":145,"column":16}},{"start":{"line":145,"column":16},"end":{"line":145,"column":16}}]},"10":{"line":166,"type":"if","locations":[{"start":{"line":166,"column":16},"end":{"line":166,"column":16}},{"start":{"line":166,"column":16},"end":{"line":166,"column":16}}]},"11":{"line":184,"type":"if","locations":[{"start":{"line":184,"column":16},"end":{"line":184,"column":16}},{"start":{"line":184,"column":16},"end":{"line":184,"column":16}}]},"12":{"line":201,"type":"if","locations":[{"start":{"line":201,"column":16},"end":{"line":201,"column":16}},{"start":{"line":201,"column":16},"end":{"line":201,"column":16}}]},"13":{"line":215,"type":"if","locations":[{"start":{"line":215,"column":16},"end":{"line":215,"column":16}},{"start":{"line":215,"column":16},"end":{"line":215,"column":16}}]},"14":{"line":235,"type":"if","locations":[{"start":{"line":235,"column":16},"end":{"line":235,"column":16}},{"start":{"line":235,"column":16},"end":{"line":235,"column":16}}]},"15":{"line":254,"type":"if","locations":[{"start":{"line":254,"column":16},"end":{"line":254,"column":16}},{"start":{"line":254,"column":16},"end":{"line":254,"column":16}}]},"16":{"line":268,"type":"if","locations":[{"start":{"line":268,"column":16},"end":{"line":268,"column":16}},{"start":{"line":268,"column":16},"end":{"line":268,"column":16}}]},"17":{"line":283,"type":"if","locations":[{"start":{"line":283,"column":16},"end":{"line":283,"column":16}},{"start":{"line":283,"column":16},"end":{"line":283,"column":16}}]},"18":{"line":302,"type":"if","locations":[{"start":{"line":302,"column":16},"end":{"line":302,"column":16}},{"start":{"line":302,"column":16},"end":{"line":302,"column":16}}]},"19":{"line":320,"type":"if","locations":[{"start":{"line":320,"column":16},"end":{"line":320,"column":16}},{"start":{"line":320,"column":16},"end":{"line":320,"column":16}}]},"20":{"line":334,"type":"if","locations":[{"start":{"line":334,"column":16},"end":{"line":334,"column":16}},{"start":{"line":334,"column":16},"end":{"line":334,"column":16}}]},"21":{"line":355,"type":"if","locations":[{"start":{"line":355,"column":16},"end":{"line":355,"column":16}},{"start":{"line":355,"column":16},"end":{"line":355,"column":16}}]},"22":{"line":375,"type":"if","locations":[{"start":{"line":375,"column":16},"end":{"line":375,"column":16}},{"start":{"line":375,"column":16},"end":{"line":375,"column":16}}]},"23":{"line":393,"type":"if","locations":[{"start":{"line":393,"column":16},"end":{"line":393,"column":16}},{"start":{"line":393,"column":16},"end":{"line":393,"column":16}}]}}},"/Users/yanxiaonan/workspace/nodejs/pet-clinic/app.js":{"path":"/Users/yanxiaonan/workspace/nodejs/pet-clinic/app.js","s":{"1":1,"2":1,"3":1,"4":1,"5":1,"6":1,"7":1,"8":1,"9":1,"10":1,"11":1,"12":1,"13":1,"14":1,"15":1,"16":1,"17":1,"18":1,"19":1,"20":1,"21":1,"22":1,"23":1,"24":1,"25":1,"26":1,"27":1,"28":1,"29":1,"30":1,"31":1,"32":1,"33":1,"34":1,"35":1,"36":1,"37":0,"38":0,"39":0,"40":1,"41":1,"42":0,"43":0,"44":1,"45":0,"46":0,"47":1},"b":{"1":[1,0],"2":[0,0],"3":[0,0]},"f":{"1":0,"2":0,"3":0},"fnMap":{"1":{"name":"(anonymous_1)","line":68,"loc":{"start":{"line":68,"column":8},"end":{"line":68,"column":34}}},"2":{"name":"(anonymous_2)","line":79,"loc":{"start":{"line":79,"column":12},"end":{"line":79,"column":43}}},"3":{"name":"(anonymous_3)","line":90,"loc":{"start":{"line":90,"column":8},"end":{"line":90,"column":39}}}},"statementMap":{"1":{"start":{"line":1,"column":0},"end":{"line":1,"column":33}},"2":{"start":{"line":2,"column":0},"end":{"line":2,"column":27}},"3":{"start":{"line":3,"column":0},"end":{"line":3,"column":40}},"4":{"start":{"line":4,"column":0},"end":{"line":4,"column":31}},"5":{"start":{"line":5,"column":0},"end":{"line":5,"column":44}},"6":{"start":{"line":6,"column":0},"end":{"line":6,"column":40}},"7":{"start":{"line":7,"column":0},"end":{"line":7,"column":41}},"8":{"start":{"line":8,"column":0},"end":{"line":8,"column":52}},"9":{"start":{"line":9,"column":0},"end":{"line":9,"column":27}},"10":{"start":{"line":10,"column":0},"end":{"line":22,"column":1}},"11":{"start":{"line":25,"column":0},"end":{"line":25,"column":39}},"12":{"start":{"line":26,"column":0},"end":{"line":26,"column":38}},"13":{"start":{"line":27,"column":0},"end":{"line":27,"column":40}},"14":{"start":{"line":28,"column":0},"end":{"line":28,"column":40}},"15":{"start":{"line":29,"column":0},"end":{"line":29,"column":40}},"16":{"start":{"line":30,"column":0},"end":{"line":30,"column":48}},"17":{"start":{"line":31,"column":0},"end":{"line":31,"column":36}},"18":{"start":{"line":33,"column":0},"end":{"line":33,"column":20}},"19":{"start":{"line":36,"column":0},"end":{"line":36,"column":48}},"20":{"start":{"line":37,"column":0},"end":{"line":37,"column":31}},"21":{"start":{"line":40,"column":0},"end":{"line":40,"column":19}},"22":{"start":{"line":41,"column":0},"end":{"line":41,"column":23}},"23":{"start":{"line":42,"column":0},"end":{"line":42,"column":27}},"24":{"start":{"line":43,"column":0},"end":{"line":43,"column":33}},"25":{"start":{"line":44,"column":0},"end":{"line":44,"column":24}},"26":{"start":{"line":46,"column":0},"end":{"line":46,"column":34}},"27":{"start":{"line":47,"column":0},"end":{"line":55,"column":4}},"28":{"start":{"line":56,"column":0},"end":{"line":56,"column":16}},"29":{"start":{"line":59,"column":0},"end":{"line":59,"column":21}},"30":{"start":{"line":60,"column":0},"end":{"line":60,"column":25}},"31":{"start":{"line":61,"column":0},"end":{"line":61,"column":27}},"32":{"start":{"line":62,"column":0},"end":{"line":62,"column":27}},"33":{"start":{"line":63,"column":0},"end":{"line":63,"column":27}},"34":{"start":{"line":64,"column":0},"end":{"line":64,"column":35}},"35":{"start":{"line":65,"column":0},"end":{"line":65,"column":23}},"36":{"start":{"line":68,"column":0},"end":{"line":72,"column":3}},"37":{"start":{"line":69,"column":4},"end":{"line":69,"column":37}},"38":{"start":{"line":70,"column":4},"end":{"line":70,"column":21}},"39":{"start":{"line":71,"column":4},"end":{"line":71,"column":14}},"40":{"start":{"line":78,"column":0},"end":{"line":86,"column":1}},"41":{"start":{"line":79,"column":4},"end":{"line":85,"column":7}},"42":{"start":{"line":80,"column":8},"end":{"line":80,"column":38}},"43":{"start":{"line":81,"column":8},"end":{"line":84,"column":11}},"44":{"start":{"line":90,"column":0},"end":{"line":96,"column":3}},"45":{"start":{"line":91,"column":4},"end":{"line":91,"column":34}},"46":{"start":{"line":92,"column":4},"end":{"line":95,"column":7}},"47":{"start":{"line":99,"column":0},"end":{"line":99,"column":21}}},"branchMap":{"1":{"line":78,"type":"if","locations":[{"start":{"line":78,"column":0},"end":{"line":78,"column":0}},{"start":{"line":78,"column":0},"end":{"line":78,"column":0}}]},"2":{"line":80,"type":"binary-expr","locations":[{"start":{"line":80,"column":19},"end":{"line":80,"column":29}},{"start":{"line":80,"column":33},"end":{"line":80,"column":36}}]},"3":{"line":91,"type":"binary-expr","locations":[{"start":{"line":91,"column":15},"end":{"line":91,"column":25}},{"start":{"line":91,"column":29},"end":{"line":91,"column":32}}]}}},"/Users/yanxiaonan/workspace/nodejs/pet-clinic/routes/index.js":{"path":"/Users/yanxiaonan/workspace/nodejs/pet-clinic/routes/index.js","s":{"1":1,"2":1,"3":1,"4":1,"5":1,"6":1,"7":1,"8":6,"9":6,"10":6,"11":6,"12":0,"13":6,"14":2,"15":6,"16":6,"17":6,"18":6,"19":1,"20":1,"21":1,"22":1},"b":{"1":[0,6],"2":[2,4],"3":[6,0]},"f":{"1":1,"2":6,"3":6,"4":1},"fnMap":{"1":{"name":"(anonymous_1)","line":8,"loc":{"start":{"line":8,"column":16},"end":{"line":8,"column":36}}},"2":{"name":"(anonymous_2)","line":14,"loc":{"start":{"line":14,"column":22},"end":{"line":14,"column":42}}},"3":{"name":"(anonymous_3)","line":17,"loc":{"start":{"line":17,"column":24},"end":{"line":17,"column":47}}},"4":{"name":"(anonymous_4)","line":32,"loc":{"start":{"line":32,"column":28},"end":{"line":32,"column":48}}}},"statementMap":{"1":{"start":{"line":1,"column":0},"end":{"line":1,"column":33}},"2":{"start":{"line":2,"column":0},"end":{"line":2,"column":45}},"3":{"start":{"line":3,"column":0},"end":{"line":3,"column":34}},"4":{"start":{"line":5,"column":0},"end":{"line":5,"column":30}},"5":{"start":{"line":8,"column":0},"end":{"line":11,"column":3}},"6":{"start":{"line":9,"column":2},"end":{"line":9,"column":69}},"7":{"start":{"line":14,"column":0},"end":{"line":29,"column":3}},"8":{"start":{"line":15,"column":2},"end":{"line":15,"column":28}},"9":{"start":{"line":16,"column":2},"end":{"line":16,"column":114}},"10":{"start":{"line":17,"column":2},"end":{"line":28,"column":4}},"11":{"start":{"line":18,"column":4},"end":{"line":18,"column":49}},"12":{"start":{"line":18,"column":13},"end":{"line":18,"column":49}},"13":{"start":{"line":19,"column":4},"end":{"line":19,"column":75}},"14":{"start":{"line":19,"column":30},"end":{"line":19,"column":73}},"15":{"start":{"line":20,"column":4},"end":{"line":20,"column":34}},"16":{"start":{"line":21,"column":4},"end":{"line":26,"column":5}},"17":{"start":{"line":22,"column":6},"end":{"line":25,"column":7}},"18":{"start":{"line":27,"column":4},"end":{"line":27,"column":43}},"19":{"start":{"line":32,"column":0},"end":{"line":35,"column":3}},"20":{"start":{"line":33,"column":2},"end":{"line":33,"column":24}},"21":{"start":{"line":34,"column":2},"end":{"line":34,"column":41}},"22":{"start":{"line":37,"column":0},"end":{"line":37,"column":24}}},"branchMap":{"1":{"line":18,"type":"if","locations":[{"start":{"line":18,"column":4},"end":{"line":18,"column":4}},{"start":{"line":18,"column":4},"end":{"line":18,"column":4}}]},"2":{"line":19,"type":"if","locations":[{"start":{"line":19,"column":4},"end":{"line":19,"column":4}},{"start":{"line":19,"column":4},"end":{"line":19,"column":4}}]},"3":{"line":21,"type":"if","locations":[{"start":{"line":21,"column":4},"end":{"line":21,"column":4}},{"start":{"line":21,"column":4},"end":{"line":21,"column":4}}]}}},"/Users/yanxiaonan/workspace/nodejs/pet-clinic/db/connection.js":{"path":"/Users/yanxiaonan/workspace/nodejs/pet-clinic/db/connection.js","s":{"1":1,"2":1,"3":1,"4":1},"b":{},"f":{},"fnMap":{},"statementMap":{"1":{"start":{"line":1,"column":0},"end":{"line":1,"column":29}},"2":{"start":{"line":2,"column":0},"end":{"line":7,"column":3}},"3":{"start":{"line":8,"column":0},"end":{"line":8,"column":21}},"4":{"start":{"line":10,"column":0},"end":{"line":10,"column":28}}},"branchMap":{}},"/Users/yanxiaonan/workspace/nodejs/pet-clinic/lib/Auth.js":{"path":"/Users/yanxiaonan/workspace/nodejs/pet-clinic/lib/Auth.js","s":{"1":1,"2":16,"3":16,"4":1,"5":1,"6":15},"b":{"1":[1,15]},"f":{},"fnMap":{},"statementMap":{"1":{"start":{"line":1,"column":0},"end":{"line":11,"column":1}},"2":{"start":{"line":2,"column":4},"end":{"line":2,"column":34}},"3":{"start":{"line":4,"column":4},"end":{"line":10,"column":5}},"4":{"start":{"line":5,"column":8},"end":{"line":5,"column":39}},"5":{"start":{"line":6,"column":8},"end":{"line":6,"column":45}},"6":{"start":{"line":9,"column":8},"end":{"line":9,"column":15}}},"branchMap":{"1":{"line":4,"type":"if","locations":[{"start":{"line":4,"column":4},"end":{"line":4,"column":4}},{"start":{"line":4,"column":4},"end":{"line":4,"column":4}}]}}}}