TN:
SF:/Users/yanxiaonan/workspace/nodejs/pet-clinic/mochaTest/test.js
FN:7,(anonymous_1)
FN:9,(anonymous_2)
FN:14,(anonymous_3)
FN:23,(anonymous_4)
FN:25,(anonymous_5)
FN:31,(anonymous_6)
FN:39,(anonymous_7)
FN:45,(anonymous_8)
FN:52,(anonymous_9)
FN:58,(anonymous_10)
FN:70,(anonymous_11)
FN:72,(anonymous_12)
FN:78,(anonymous_13)
FN:86,(anonymous_14)
FN:92,(anonymous_15)
FN:101,(anonymous_16)
FN:102,(anonymous_17)
FN:108,(anonymous_18)
FN:117,(anonymous_19)
FN:123,(anonymous_20)
FN:131,(anonymous_21)
FN:144,(anonymous_22)
FN:151,(anonymous_23)
FN:165,(anonymous_24)
FN:172,(anonymous_25)
FN:183,(anonymous_26)
FN:193,(anonymous_27)
FN:194,(anonymous_28)
FN:200,(anonymous_29)
FN:208,(anonymous_30)
FN:214,(anonymous_31)
FN:222,(anonymous_32)
FN:234,(anonymous_33)
FN:241,(anonymous_34)
FN:253,(anonymous_35)
FN:260,(anonymous_36)
FN:266,(anonymous_37)
FN:275,(anonymous_38)
FN:281,(anonymous_39)
FN:290,(anonymous_40)
FN:301,(anonymous_41)
FN:312,(anonymous_42)
FN:313,(anonymous_43)
FN:319,(anonymous_44)
FN:327,(anonymous_45)
FN:333,(anonymous_46)
FN:341,(anonymous_47)
FN:354,(anonymous_48)
FN:361,(anonymous_49)
FN:374,(anonymous_50)
FN:381,(anonymous_51)
FN:392,(anonymous_52)
FNF:52
FNH:52
FNDA:1,(anonymous_1)
FNDA:1,(anonymous_2)
FNDA:1,(anonymous_3)
FNDA:1,(anonymous_4)
FNDA:1,(anonymous_5)
FNDA:1,(anonymous_6)
FNDA:1,(anonymous_7)
FNDA:1,(anonymous_8)
FNDA:1,(anonymous_9)
FNDA:1,(anonymous_10)
FNDA:1,(anonymous_11)
FNDA:1,(anonymous_12)
FNDA:1,(anonymous_13)
FNDA:1,(anonymous_14)
FNDA:1,(anonymous_15)
FNDA:1,(anonymous_16)
FNDA:1,(anonymous_17)
FNDA:1,(anonymous_18)
FNDA:1,(anonymous_19)
FNDA:1,(anonymous_20)
FNDA:1,(anonymous_21)
FNDA:1,(anonymous_22)
FNDA:1,(anonymous_23)
FNDA:1,(anonymous_24)
FNDA:1,(anonymous_25)
FNDA:1,(anonymous_26)
FNDA:1,(anonymous_27)
FNDA:1,(anonymous_28)
FNDA:1,(anonymous_29)
FNDA:1,(anonymous_30)
FNDA:1,(anonymous_31)
FNDA:1,(anonymous_32)
FNDA:1,(anonymous_33)
FNDA:1,(anonymous_34)
FNDA:1,(anonymous_35)
FNDA:1,(anonymous_36)
FNDA:1,(anonymous_37)
FNDA:1,(anonymous_38)
FNDA:1,(anonymous_39)
FNDA:1,(anonymous_40)
FNDA:1,(anonymous_41)
FNDA:1,(anonymous_42)
FNDA:1,(anonymous_43)
FNDA:1,(anonymous_44)
FNDA:1,(anonymous_45)
FNDA:1,(anonymous_46)
FNDA:1,(anonymous_47)
FNDA:1,(anonymous_48)
FNDA:1,(anonymous_49)
FNDA:1,(anonymous_50)
FNDA:1,(anonymous_51)
FNDA:1,(anonymous_52)
DA:1,1
DA:2,1
DA:3,1
DA:4,1
DA:6,1
DA:7,1
DA:9,1
DA:10,1
DA:15,1
DA:16,1
DA:17,1
DA:18,1
DA:23,1
DA:25,1
DA:26,1
DA:32,1
DA:33,1
DA:34,1
DA:35,1
DA:36,1
DA:39,1
DA:40,1
DA:46,1
DA:47,1
DA:48,1
DA:49,1
DA:52,1
DA:53,1
DA:59,1
DA:60,1
DA:61,1
DA:62,1
DA:70,1
DA:72,1
DA:73,1
DA:74,1
DA:75,1
DA:79,1
DA:80,1
DA:81,1
DA:82,1
DA:86,1
DA:87,1
DA:88,1
DA:89,1
DA:93,1
DA:94,1
DA:95,1
DA:96,1
DA:101,1
DA:102,1
DA:103,1
DA:109,1
DA:110,1
DA:111,1
DA:112,1
DA:113,1
DA:117,1
DA:118,1
DA:119,1
DA:120,1
DA:124,1
DA:125,1
DA:126,1
DA:127,1
DA:131,1
DA:132,1
DA:133,1
DA:134,1
DA:145,1
DA:146,1
DA:147,1
DA:151,1
DA:152,1
DA:153,1
DA:154,1
DA:166,1
DA:167,1
DA:168,1
DA:172,1
DA:173,1
DA:174,1
DA:175,1
DA:184,1
DA:185,1
DA:186,1
DA:193,1
DA:194,1
DA:195,1
DA:201,1
DA:202,1
DA:203,1
DA:204,1
DA:208,1
DA:209,1
DA:210,1
DA:211,1
DA:215,1
DA:216,1
DA:217,1
DA:218,1
DA:222,1
DA:223,1
DA:224,1
DA:225,1
DA:235,1
DA:236,1
DA:237,1
DA:241,1
DA:242,1
DA:243,1
DA:244,1
DA:254,1
DA:255,1
DA:256,1
DA:260,1
DA:261,1
DA:262,1
DA:263,1
DA:267,1
DA:268,1
DA:269,1
DA:270,1
DA:271,1
DA:275,1
DA:276,1
DA:277,1
DA:278,1
DA:282,1
DA:283,1
DA:284,1
DA:285,1
DA:286,1
DA:290,1
DA:291,1
DA:292,1
DA:293,1
DA:302,1
DA:303,1
DA:304,0
DA:312,1
DA:313,1
DA:314,1
DA:320,1
DA:321,1
DA:322,1
DA:323,1
DA:327,1
DA:328,1
DA:329,1
DA:330,1
DA:334,1
DA:335,1
DA:336,1
DA:337,1
DA:341,1
DA:342,1
DA:343,1
DA:344,1
DA:355,1
DA:356,1
DA:357,1
DA:361,1
DA:362,1
DA:363,1
DA:364,1
DA:375,1
DA:376,1
DA:377,1
DA:381,1
DA:382,1
DA:383,1
DA:384,1
DA:393,1
DA:394,1
DA:395,1
LF:176
LH:175
BRDA:15,1,0,0
BRDA:15,1,1,1
BRDA:32,2,0,0
BRDA:32,2,1,1
BRDA:46,3,0,0
BRDA:46,3,1,1
BRDA:59,4,0,0
BRDA:59,4,1,1
BRDA:79,5,0,0
BRDA:79,5,1,1
BRDA:93,6,0,0
BRDA:93,6,1,1
BRDA:109,7,0,0
BRDA:109,7,1,1
BRDA:124,8,0,0
BRDA:124,8,1,1
BRDA:145,9,0,0
BRDA:145,9,1,1
BRDA:166,10,0,0
BRDA:166,10,1,1
BRDA:184,11,0,0
BRDA:184,11,1,1
BRDA:201,12,0,0
BRDA:201,12,1,1
BRDA:215,13,0,0
BRDA:215,13,1,1
BRDA:235,14,0,0
BRDA:235,14,1,1
BRDA:254,15,0,0
BRDA:254,15,1,1
BRDA:268,16,0,0
BRDA:268,16,1,1
BRDA:283,17,0,0
BRDA:283,17,1,1
BRDA:302,18,0,0
BRDA:302,18,1,1
BRDA:320,19,0,0
BRDA:320,19,1,1
BRDA:334,20,0,0
BRDA:334,20,1,1
BRDA:355,21,0,0
BRDA:355,21,1,1
BRDA:375,22,0,0
BRDA:375,22,1,1
BRDA:393,23,0,0
BRDA:393,23,1,1
BRF:46
BRH:23
end_of_record
TN:
SF:/Users/yanxiaonan/workspace/nodejs/pet-clinic/app.js
FN:68,(anonymous_1)
FN:79,(anonymous_2)
FN:90,(anonymous_3)
FNF:3
FNH:0
FNDA:0,(anonymous_1)
FNDA:0,(anonymous_2)
FNDA:0,(anonymous_3)
DA:1,1
DA:2,1
DA:3,1
DA:4,1
DA:5,1
DA:6,1
DA:7,1
DA:8,1
DA:9,1
DA:10,1
DA:25,1
DA:26,1
DA:27,1
DA:28,1
DA:29,1
DA:30,1
DA:31,1
DA:33,1
DA:36,1
DA:37,1
DA:40,1
DA:41,1
DA:42,1
DA:43,1
DA:44,1
DA:46,1
DA:47,1
DA:56,1
DA:59,1
DA:60,1
DA:61,1
DA:62,1
DA:63,1
DA:64,1
DA:65,1
DA:68,1
DA:69,0
DA:70,0
DA:71,0
DA:78,1
DA:79,1
DA:80,0
DA:81,0
DA:90,1
DA:91,0
DA:92,0
DA:99,1
LF:47
LH:40
BRDA:78,1,0,1
BRDA:78,1,1,0
BRDA:80,2,0,0
BRDA:80,2,1,0
BRDA:91,3,0,0
BRDA:91,3,1,0
BRF:6
BRH:1
end_of_record
TN:
SF:/Users/yanxiaonan/workspace/nodejs/pet-clinic/routes/index.js
FN:8,(anonymous_1)
FN:14,(anonymous_2)
FN:17,(anonymous_3)
FN:32,(anonymous_4)
FNF:4
FNH:4
FNDA:1,(anonymous_1)
FNDA:6,(anonymous_2)
FNDA:6,(anonymous_3)
FNDA:1,(anonymous_4)
DA:1,1
DA:2,1
DA:3,1
DA:5,1
DA:8,1
DA:9,1
DA:14,1
DA:15,6
DA:16,6
DA:17,6
DA:18,6
DA:19,6
DA:20,6
DA:21,6
DA:22,6
DA:27,6
DA:32,1
DA:33,1
DA:34,1
DA:37,1
LF:20
LH:20
BRDA:18,1,0,0
BRDA:18,1,1,6
BRDA:19,2,0,2
BRDA:19,2,1,4
BRDA:21,3,0,6
BRDA:21,3,1,0
BRF:6
BRH:4
end_of_record
TN:
SF:/Users/yanxiaonan/workspace/nodejs/pet-clinic/db/connection.js
FNF:0
FNH:0
DA:1,1
DA:2,1
DA:8,1
DA:10,1
LF:4
LH:4
BRF:0
BRH:0
end_of_record
TN:
SF:/Users/yanxiaonan/workspace/nodejs/pet-clinic/lib/Auth.js
FNF:0
FNH:0
DA:1,1
DA:2,16
DA:4,16
DA:5,1
DA:6,1
DA:9,15
LF:6
LH:6
BRDA:4,1,0,1
BRDA:4,1,1,15
BRF:2
BRH:2
end_of_record
